2022-07-04 22:58:40, [tinyu][https://leetcode.cn/u/tinyu/] Error: read ETIMEDOUT
2022-07-04 22:58:40, [bao-zhen][https://leetcode.cn/u/bao-zhen/] Error: read ETIMEDOUT
2022-07-04 22:58:42, [lilychen][https://leetcode.cn/u/lilychen/] Error: read ETIMEDOUT
2022-07-04 22:59:09, [lemon-chen-t][https://leetcode.cn/u/lemon-chen-t/] Error: read ETIMEDOUT
2022-07-04 22:59:09, [sishenhei7][https://leetcode.cn/u/sishenhei7/] Error: read ETIMEDOUT
2022-07-04 22:59:56, [shu-sheng-i][https://leetcode.cn/u/shu-sheng-i/] Error: read ETIMEDOUT
2022-07-04 22:59:56, [objective-7iskovx37][https://leetcode.cn/u/objective-7iskovx37/] Error: read ETIMEDOUT
2022-07-04 23:00:22, [flyingmylo][https://leetcode.cn/u/flyingmylo/] Error: read ETIMEDOUT
2022-07-04 23:00:25, [beareleven][https://leetcode.cn/u/beareleven/] Error: read ETIMEDOUT
2022-07-04 23:00:25, [jeskson][https://leetcode.cn/u/jeskson/] Error: read ETIMEDOUT
2022-07-05 13:57:59, [sishenhei7][https://leetcode.cn/u/sishenhei7/] Error: Client network socket disconnected before secure TLS connection was established
2022-07-05 13:57:59, [dreamjean720][https://leetcode.cn/u/dreamjean720/] Error: Client network socket disconnected before secure TLS connection was established
2022-07-05 13:58:40, [panxiaoan][https://leetcode.cn/u/panxiaoan/] Error: read ETIMEDOUT
2022-07-05 13:58:42, [zhu-chen-zhi-meng][https://leetcode.cn/u/zhu-chen-zhi-meng/] Error: read ETIMEDOUT
2022-07-05 13:58:44, [wang-xi-fa][https://leetcode.cn/u/wang-xi-fa/] Error: read ETIMEDOUT
2022-07-06 18:59:11, [clever-vvilsoneye][https://leetcode.cn/u/clever-vvilsoneye/] Error: read ETIMEDOUT
2022-07-06 18:59:15, [lemon-chen-t][https://leetcode.cn/u/lemon-chen-t/] Error: read ETIMEDOUT
2022-07-06 18:59:21, [sishenhei7][https://leetcode.cn/u/sishenhei7/] Error: read ETIMEDOUT
2022-07-06 18:59:50, [dreamjean720][https://leetcode.cn/u/dreamjean720/] Error: connect ETIMEDOUT 203.107.53.81:443
2022-07-06 18:59:50, [ni-hao-a-pai-da-xing][https://leetcode.cn/u/ni-hao-a-pai-da-xing/] Error: connect ETIMEDOUT 203.107.53.81:443
2022-07-06 19:00:45, [panxiaoan][https://leetcode.cn/u/panxiaoan/] Error: read ETIMEDOUT
2022-07-06 19:00:54, [tinyu][https://leetcode.cn/u/tinyu/] Error: read ETIMEDOUT
2022-07-06 19:01:04, [bao-zhen][https://leetcode.cn/u/bao-zhen/] Error: read ETIMEDOUT
2022-07-06 19:58:48, [clever-vvilsoneye][https://leetcode.cn/u/clever-vvilsoneye/] Error: read ETIMEDOUT
2022-07-06 19:58:50, [dreamjean720][https://leetcode.cn/u/dreamjean720/] Error: read ETIMEDOUT
2022-07-06 19:58:52, [tinyu][https://leetcode.cn/u/tinyu/] Error: read ETIMEDOUT
2022-07-06 19:59:03, [lilychen][https://leetcode.cn/u/lilychen/] Error: read ETIMEDOUT
2022-07-06 19:59:40, [lc-lqh1008][https://leetcode.cn/u/lc-lqh1008/] Error: read ETIMEDOUT
2022-07-07 19:58:58, [younglina][https://leetcode.cn/u/younglina/] Error: read ETIMEDOUT
2022-07-07 19:59:03, [shu-sheng-i][https://leetcode.cn/u/shu-sheng-i/] Error: read ETIMEDOUT
2022-07-07 19:59:03, [yu-yi-fan-a][https://leetcode.cn/u/yu-yi-fan-a/] Error: read ETIMEDOUT
2022-07-07 19:59:03, [objective-7iskovx37][https://leetcode.cn/u/objective-7iskovx37/] Error: read ETIMEDOUT
2022-07-07 19:59:14, [guming][https://leetcode.cn/u/guming/] Error: read ETIMEDOUT
2022-07-07 20:00:13, [tian-xia-jie-du][https://leetcode.cn/u/tian-xia-jie-du/] Error: read ETIMEDOUT
2022-07-07 20:00:20, [loringray][https://leetcode.cn/u/loringray/] Error: read ETIMEDOUT
2022-07-07 20:00:23, [vj97Nwwekr][https://leetcode.cn/u/vj97Nwwekr/] Error: read ETIMEDOUT
2022-07-07 20:00:28, [pancake-q][https://leetcode.cn/u/pancake-q/] Error: read ETIMEDOUT
2022-07-07 20:00:46, [sneaken][https://leetcode.cn/u/sneaken/] Error: read ETIMEDOUT
2022-07-07 20:01:31, [hecate-d][https://leetcode.cn/u/hecate-d/] Error: read ETIMEDOUT
2022-07-07 20:01:33, [fei-wu-o][https://leetcode.cn/u/fei-wu-o/] Error: read ETIMEDOUT
2022-07-07 20:01:37, [jbwang-to-zju][https://leetcode.cn/u/jbwang-to-zju/] Error: read ETIMEDOUT
2022-07-07 20:01:41, [zhangzhichao][https://leetcode.cn/u/zhangzhichao/] Error: read ETIMEDOUT
2022-07-07 20:02:02, [uFJ0Yl5SXS][https://leetcode.cn/u/uFJ0Yl5SXS/] Error: read ETIMEDOUT
2022-07-07 20:02:47, [ditang-hsp][https://leetcode.cn/u/ditang-hsp/] Error: read ETIMEDOUT
2022-07-07 20:02:49, [letsshi-mu-yi-dai][https://leetcode.cn/u/letsshi-mu-yi-dai/] Error: read ETIMEDOUT
2022-07-07 20:02:51, [you-36][https://leetcode.cn/u/you-36/] Error: read ETIMEDOUT
2022-07-07 20:02:55, [zyz-s][https://leetcode.cn/u/zyz-s/] Error: read ETIMEDOUT
2022-07-07 20:03:15, [coderluojz][https://leetcode.cn/u/coderluojz/] Error: read ETIMEDOUT
2022-07-07 20:04:03, [confident-shockleyyqg][https://leetcode.cn/u/confident-shockleyyqg/] Error: read ETIMEDOUT
2022-07-07 20:04:05, [hei-vk][https://leetcode.cn/u/hei-vk/] Error: read ETIMEDOUT
2022-07-07 20:04:13, [yu-yue-1][https://leetcode.cn/u/yu-yue-1/] Error: read ETIMEDOUT
2022-07-07 20:04:30, [sam-f][https://leetcode.cn/u/sam-f/] Error: read ETIMEDOUT
2022-07-07 20:04:41, [g4V7o2v9P2][https://leetcode.cn/u/g4V7o2v9P2/] Error: read ETIMEDOUT
2022-07-07 23:59:39, [kevin-13u][https://leetcode.cn/u/kevin-13u/] Error: read ETIMEDOUT
2022-07-08 13:15:17, [tinyu][https://leetcode.cn/u/tinyu/] Error: read ETIMEDOUT
2022-07-08 13:15:17, [panxiaoan][https://leetcode.cn/u/panxiaoan/] Error: read ETIMEDOUT
2022-07-08 13:15:19, [zhu-chen-zhi-meng][https://leetcode.cn/u/zhu-chen-zhi-meng/] Error: read ETIMEDOUT
2022-07-08 13:15:45, [clever-vvilsoneye][https://leetcode.cn/u/clever-vvilsoneye/] Error: read ETIMEDOUT
2022-07-08 22:58:56, [bao-zhen][https://leetcode.cn/u/bao-zhen/] Error: read ETIMEDOUT
2022-07-08 22:59:01, [tinyu][https://leetcode.cn/u/tinyu/] Error: read ETIMEDOUT
2022-07-08 22:59:17, [shu-sheng-i][https://leetcode.cn/u/shu-sheng-i/] Error: read ETIMEDOUT
2022-07-08 22:59:23, [sishenhei7][https://leetcode.cn/u/sishenhei7/] Error: read ETIMEDOUT
2022-07-08 23:00:35, [wei-wen-hua-ming-6u][https://leetcode.cn/u/wei-wen-hua-ming-6u/] Error: read ETIMEDOUT
2022-07-08 23:00:35, [zhu-201][https://leetcode.cn/u/zhu-201/] Error: read ETIMEDOUT
2022-07-08 23:00:40, [gooing][https://leetcode.cn/u/gooing/] Error: read ETIMEDOUT
2022-07-08 23:00:42, [smilejoker][https://leetcode.cn/u/smilejoker/] Error: read ETIMEDOUT
2022-07-08 23:00:45, [hei-vk][https://leetcode.cn/u/hei-vk/] Error: read ETIMEDOUT
2022-07-09 13:58:53, [sishenhei7][https://leetcode.cn/u/sishenhei7/] Error: read ETIMEDOUT
2022-07-09 13:58:55, [lemon-chen-t][https://leetcode.cn/u/lemon-chen-t/] Error: read ETIMEDOUT
2022-07-09 13:59:01, [ni-hao-a-pai-da-xing][https://leetcode.cn/u/ni-hao-a-pai-da-xing/] Error: read ETIMEDOUT
2022-07-09 13:59:24, [clever-vvilsoneye][https://leetcode.cn/u/clever-vvilsoneye/] Error: read ETIMEDOUT
2022-07-09 14:13:32, [dreamjean720][https://leetcode.cn/u/dreamjean720/] Error: read ETIMEDOUT
2022-07-09 22:58:51, [ni-hao-a-pai-da-xing][https://leetcode.cn/u/ni-hao-a-pai-da-xing/] Error: read ETIMEDOUT
2022-07-09 22:58:53, [sishenhei7][https://leetcode.cn/u/sishenhei7/] Error: read ETIMEDOUT
2022-07-09 22:58:59, [clever-vvilsoneye][https://leetcode.cn/u/clever-vvilsoneye/] Error: read ETIMEDOUT
2022-07-09 22:59:47, [lemon-chen-t][https://leetcode.cn/u/lemon-chen-t/] Error: connect ETIMEDOUT 203.107.53.81:443
2022-07-09 23:14:39, [dreamjean720][https://leetcode.cn/u/dreamjean720/] Error: read ETIMEDOUT
2022-07-10 22:59:08, [wang-xi-fa][https://leetcode.cn/u/wang-xi-fa/] Error: read ETIMEDOUT
2022-07-10 22:59:09, [bao-zhen][https://leetcode.cn/u/bao-zhen/] Error: read ETIMEDOUT
2022-07-10 22:59:32, [clever-vvilsoneye][https://leetcode.cn/u/clever-vvilsoneye/] Error: read ETIMEDOUT
2022-07-10 22:59:34, [sishenhei7][https://leetcode.cn/u/sishenhei7/] Error: read ETIMEDOUT
2022-07-10 23:00:25, [coderluojz][https://leetcode.cn/u/coderluojz/] Error: read ETIMEDOUT
2022-07-10 23:00:26, [lili-1b][https://leetcode.cn/u/lili-1b/] Error: read ETIMEDOUT
2022-07-10 23:00:48, [confident-shockleyyqg][https://leetcode.cn/u/confident-shockleyyqg/] Error: read ETIMEDOUT
2022-07-10 23:00:52, [gooing][https://leetcode.cn/u/gooing/] Error: read ETIMEDOUT
2022-07-10 23:00:54, [you-36][https://leetcode.cn/u/you-36/] Error: read ETIMEDOUT
2022-07-10 23:01:40, [g4V7o2v9P2][https://leetcode.cn/u/g4V7o2v9P2/] Error: read ETIMEDOUT
2022-07-10 23:02:04, [xiao-tie-jiang-zai-men-wai][https://leetcode.cn/u/xiao-tie-jiang-zai-men-wai/] Error: read ETIMEDOUT
2022-07-10 23:02:05, [ly_qu][https://leetcode.cn/u/ly_qu/] Error: read ETIMEDOUT
2022-07-10 23:02:14, [jawilx][https://leetcode.cn/u/jawilx/] Error: read ETIMEDOUT
2022-07-10 23:02:36, [chu-kong-v][https://leetcode.cn/u/chu-kong-v/] Error: read ETIMEDOUT
2022-07-10 23:03:04, [lu-chang-7][https://leetcode.cn/u/lu-chang-7/] Error: read ETIMEDOUT
2022-07-10 23:03:23, [jin-ri-shuo-fa][https://leetcode.cn/u/jin-ri-shuo-fa/] Error: read ETIMEDOUT
2022-07-10 23:03:34, [Tbd63WI6jm][https://leetcode.cn/u/Tbd63WI6jm/] Error: read ETIMEDOUT
2022-07-10 23:03:56, [shi-qi-2i][https://leetcode.cn/u/shi-qi-2i/] Error: read ETIMEDOUT
2022-07-10 23:07:28, [lilychen][https://leetcode.cn/u/lilychen/] Error: read ETIMEDOUT
2022-07-10 23:07:28, [panxiaoan][https://leetcode.cn/u/panxiaoan/] Error: read ETIMEDOUT
2022-07-10 23:07:30, [wang-xi-fa][https://leetcode.cn/u/wang-xi-fa/] Error: read ETIMEDOUT
2022-07-10 23:07:56, [sishenhei7][https://leetcode.cn/u/sishenhei7/] Error: read ETIMEDOUT
2022-07-10 23:08:43, [lin-zi-6o][https://leetcode.cn/u/lin-zi-6o/] Error: read ETIMEDOUT
2022-07-10 23:08:46, [wei-wen-hua-ming-6u][https://leetcode.cn/u/wei-wen-hua-ming-6u/] Error: read ETIMEDOUT
2022-07-10 23:08:49, [xxxxxy-2][https://leetcode.cn/u/xxxxxy-2/] Error: read ETIMEDOUT
2022-07-10 23:09:13, [jintianyuhahaha][https://leetcode.cn/u/jintianyuhahaha/] Error: read ETIMEDOUT
2022-07-10 23:58:44, [panxiaoan][https://leetcode.cn/u/panxiaoan/] Error: read ETIMEDOUT
2022-07-10 23:58:48, [beareleven][https://leetcode.cn/u/beareleven/] Error: read ETIMEDOUT
2022-07-10 23:59:43, [brightzoe][https://leetcode.cn/u/brightzoe/] Error: read ETIMEDOUT
2022-07-10 23:59:49, [yooooooo_o][https://leetcode.cn/u/yooooooo_o/] Error: read ETIMEDOUT
2022-07-10 23:59:49, [kevin-13u][https://leetcode.cn/u/kevin-13u/] Error: read ETIMEDOUT
2022-07-11 23:09:47, [lu-chi-17][https://leetcode.cn/u/lu-chi-17/] Error: read ETIMEDOUT
2022-07-11 23:09:49, [yooooooo_o][https://leetcode.cn/u/yooooooo_o/] Error: read ETIMEDOUT
2022-07-11 23:09:51, [jen-16][https://leetcode.cn/u/jen-16/] Error: read ETIMEDOUT
2022-07-11 23:09:52, [mungdong][https://leetcode.cn/u/mungdong/] Error: read ETIMEDOUT
2022-07-12 12:49:17, [panxiaoan][https://leetcode.cn/u/panxiaoan/] Error: read ETIMEDOUT
2022-07-12 12:49:17, [tinyu][https://leetcode.cn/u/tinyu/] Error: read ETIMEDOUT
2022-07-12 12:49:47, [ni-hao-a-pai-da-xing][https://leetcode.cn/u/ni-hao-a-pai-da-xing/] Error: read ETIMEDOUT
2022-07-12 12:49:47, [lemon-chen-t][https://leetcode.cn/u/lemon-chen-t/] Error: read ETIMEDOUT
2022-07-12 12:49:47, [clever-vvilsoneye][https://leetcode.cn/u/clever-vvilsoneye/] Error: read ETIMEDOUT
2022-07-12 12:50:32, [wang-xi-fa][https://leetcode.cn/u/wang-xi-fa/] Error: read ETIMEDOUT
2022-07-12 12:50:34, [mystifying-perlmanwjh][https://leetcode.cn/u/mystifying-perlmanwjh/] Error: read ETIMEDOUT
2022-07-12 12:51:07, [flyingmylo][https://leetcode.cn/u/flyingmylo/] Error: read ETIMEDOUT
2022-07-12 12:51:30, [younglina][https://leetcode.cn/u/younglina/] Error: read ETIMEDOUT
2022-07-12 12:51:30, [kpc314][https://leetcode.cn/u/kpc314/] Error: read ETIMEDOUT
2022-07-12 12:51:48, [desirelearner-i][https://leetcode.cn/u/desirelearner-i/] Error: read ETIMEDOUT
2022-07-12 12:52:15, [jeskson][https://leetcode.cn/u/jeskson/] Error: read ETIMEDOUT
2022-07-12 12:52:25, [sujianqingfeng][https://leetcode.cn/u/sujianqingfeng/] Error: read ETIMEDOUT
2022-07-12 12:52:46, [loringray][https://leetcode.cn/u/loringray/] Error: read ETIMEDOUT
2022-07-12 12:52:47, [vj97Nwwekr][https://leetcode.cn/u/vj97Nwwekr/] Error: read ETIMEDOUT
2022-07-12 12:53:45, [nice-nightingaleqql][https://leetcode.cn/u/nice-nightingaleqql/] Error: read ETIMEDOUT
2022-07-12 12:53:45, [bigbigDreamer][https://leetcode.cn/u/bigbigDreamer/] Error: read ETIMEDOUT
2022-07-12 12:53:49, [ajunge][https://leetcode.cn/u/ajunge/] Error: read ETIMEDOUT
2022-07-12 12:53:59, [bu-ai-qi-shui][https://leetcode.cn/u/bu-ai-qi-shui/] Error: read ETIMEDOUT
2022-07-12 12:54:03, [zhang-qi-ling-35][https://leetcode.cn/u/zhang-qi-ling-35/] Error: read ETIMEDOUT
2022-07-12 12:54:58, [huang054][https://leetcode.cn/u/huang054/] Error: read ETIMEDOUT
2022-07-15 21:35:57, [panxiaoan][https://leetcode.cn/u/panxiaoan/] Error: read ETIMEDOUT
2022-07-15 21:35:57, [bao-zhen][https://leetcode.cn/u/bao-zhen/] Error: read ETIMEDOUT
2022-07-15 21:35:57, [lilychen][https://leetcode.cn/u/lilychen/] Error: read ETIMEDOUT
2022-07-15 21:36:25, [sishenhei7][https://leetcode.cn/u/sishenhei7/] Error: read ETIMEDOUT
2022-07-15 21:36:25, [dreamjean720][https://leetcode.cn/u/dreamjean720/] Error: read ETIMEDOUT
2022-07-15 21:37:16, [yu-yi-fan-a][https://leetcode.cn/u/yu-yi-fan-a/] Error: read ETIMEDOUT
2022-07-15 21:37:17, [beareleven][https://leetcode.cn/u/beareleven/] Error: read ETIMEDOUT
2022-07-16 15:58:37, [zyz-s][https://leetcode.cn/u/zyz-s/] Error: socket hang up
