2022-07-04 22:58:40, [tinyu][https://leetcode.cn/u/tinyu/] Error: read ETIMEDOUT
2022-07-04 22:58:40, [bao-zhen][https://leetcode.cn/u/bao-zhen/] Error: read ETIMEDOUT
2022-07-04 22:58:42, [lilychen][https://leetcode.cn/u/lilychen/] Error: read ETIMEDOUT
2022-07-04 22:59:09, [lemon-chen-t][https://leetcode.cn/u/lemon-chen-t/] Error: read ETIMEDOUT
2022-07-04 22:59:09, [sishenhei7][https://leetcode.cn/u/sishenhei7/] Error: read ETIMEDOUT
2022-07-04 22:59:56, [shu-sheng-i][https://leetcode.cn/u/shu-sheng-i/] Error: read ETIMEDOUT
2022-07-04 22:59:56, [objective-7iskovx37][https://leetcode.cn/u/objective-7iskovx37/] Error: read ETIMEDOUT
2022-07-04 23:00:22, [flyingmylo][https://leetcode.cn/u/flyingmylo/] Error: read ETIMEDOUT
2022-07-04 23:00:25, [beareleven][https://leetcode.cn/u/beareleven/] Error: read ETIMEDOUT
2022-07-04 23:00:25, [jeskson][https://leetcode.cn/u/jeskson/] Error: read ETIMEDOUT
2022-07-05 13:57:59, [sishenhei7][https://leetcode.cn/u/sishenhei7/] Error: Client network socket disconnected before secure TLS connection was established
2022-07-05 13:57:59, [dreamjean720][https://leetcode.cn/u/dreamjean720/] Error: Client network socket disconnected before secure TLS connection was established
2022-07-05 13:58:40, [panxiaoan][https://leetcode.cn/u/panxiaoan/] Error: read ETIMEDOUT
2022-07-05 13:58:42, [zhu-chen-zhi-meng][https://leetcode.cn/u/zhu-chen-zhi-meng/] Error: read ETIMEDOUT
2022-07-05 13:58:44, [wang-xi-fa][https://leetcode.cn/u/wang-xi-fa/] Error: read ETIMEDOUT
2022-07-06 18:59:11, [clever-vvilsoneye][https://leetcode.cn/u/clever-vvilsoneye/] Error: read ETIMEDOUT
2022-07-06 18:59:15, [lemon-chen-t][https://leetcode.cn/u/lemon-chen-t/] Error: read ETIMEDOUT
2022-07-06 18:59:21, [sishenhei7][https://leetcode.cn/u/sishenhei7/] Error: read ETIMEDOUT
2022-07-06 18:59:50, [dreamjean720][https://leetcode.cn/u/dreamjean720/] Error: connect ETIMEDOUT 203.107.53.81:443
2022-07-06 18:59:50, [ni-hao-a-pai-da-xing][https://leetcode.cn/u/ni-hao-a-pai-da-xing/] Error: connect ETIMEDOUT 203.107.53.81:443
2022-07-06 19:00:45, [panxiaoan][https://leetcode.cn/u/panxiaoan/] Error: read ETIMEDOUT
2022-07-06 19:00:54, [tinyu][https://leetcode.cn/u/tinyu/] Error: read ETIMEDOUT
2022-07-06 19:01:04, [bao-zhen][https://leetcode.cn/u/bao-zhen/] Error: read ETIMEDOUT
